Open SystemVerilog file "ahb_pkg.sv"
Close file "ahb_pkg.sv"
Open SystemVerilog file "tb_ahb_manager.sv"
  Open include file  "ahb_if.svh" from "tb_ahb_manager.sv"(3)
    Open include file  "ahb_manager_if.sv" from "ahb_if.svh"(4)
    Close include file "ahb_manager_if.sv"; continuing at "ahb_if.svh"(4)
  Close include file "ahb_if.svh"; continuing at "tb_ahb_manager.sv"(3)
  Open include file  "bus_if.svh" from "tb_ahb_manager.sv"(4)
    Open include file  "bus_protocol_if.sv" from "bus_if.svh"(4)
    Close include file "bus_protocol_if.sv"; continuing at "bus_if.svh"(4)
  Close include file "bus_if.svh"; continuing at "tb_ahb_manager.sv"(4)
  Open include file  "ahb_manager_test.svh" from "tb_ahb_manager.sv"(5)
    Open include file  "/package/eda/mg/questa10.6b/questasim/uvm-1.2/../verilog_src/uvm-1.2/src/uvm_macros.svh" from "ahb_manager_test.svh"(2)
      Open include file  "/package/eda/mg/questa10.6b/questasim/uvm-1.2/../verilog_src/uvm-1.2/src/macros/uvm_version_defines.svh" from "/package/eda/mg/questa10.6b/questasim/uvm-1.2/../verilog_src/uvm-1.2/src/uvm_macros.svh"(69)
      Close include file "/package/eda/mg/questa10.6b/questasim/uvm-1.2/../verilog_src/uvm-1.2/src/macros/uvm_version_defines.svh"; continuing at "/package/eda/mg/questa10.6b/questasim/uvm-1.2/../verilog_src/uvm-1.2/src/uvm_macros.svh"(69)
      Open include file  "/package/eda/mg/questa10.6b/questasim/uvm-1.2/../verilog_src/uvm-1.2/src/macros/uvm_global_defines.svh" from "/package/eda/mg/questa10.6b/questasim/uvm-1.2/../verilog_src/uvm-1.2/src/uvm_macros.svh"(70)
      Close include file "/package/eda/mg/questa10.6b/questasim/uvm-1.2/../verilog_src/uvm-1.2/src/macros/uvm_global_defines.svh"; continuing at "/package/eda/mg/questa10.6b/questasim/uvm-1.2/../verilog_src/uvm-1.2/src/uvm_macros.svh"(70)
      Open include file  "/package/eda/mg/questa10.6b/questasim/uvm-1.2/../verilog_src/uvm-1.2/src/macros/uvm_message_defines.svh" from "/package/eda/mg/questa10.6b/questasim/uvm-1.2/../verilog_src/uvm-1.2/src/uvm_macros.svh"(71)
      Close include file "/package/eda/mg/questa10.6b/questasim/uvm-1.2/../verilog_src/uvm-1.2/src/macros/uvm_message_defines.svh"; continuing at "/package/eda/mg/questa10.6b/questasim/uvm-1.2/../verilog_src/uvm-1.2/src/uvm_macros.svh"(71)
      Open include file  "/package/eda/mg/questa10.6b/questasim/uvm-1.2/../verilog_src/uvm-1.2/src/macros/uvm_phase_defines.svh" from "/package/eda/mg/questa10.6b/questasim/uvm-1.2/../verilog_src/uvm-1.2/src/uvm_macros.svh"(72)
      Close include file "/package/eda/mg/questa10.6b/questasim/uvm-1.2/../verilog_src/uvm-1.2/src/macros/uvm_phase_defines.svh"; continuing at "/package/eda/mg/questa10.6b/questasim/uvm-1.2/../verilog_src/uvm-1.2/src/uvm_macros.svh"(72)
      Open include file  "/package/eda/mg/questa10.6b/questasim/uvm-1.2/../verilog_src/uvm-1.2/src/macros/uvm_object_defines.svh" from "/package/eda/mg/questa10.6b/questasim/uvm-1.2/../verilog_src/uvm-1.2/src/uvm_macros.svh"(73)
      Close include file "/package/eda/mg/questa10.6b/questasim/uvm-1.2/../verilog_src/uvm-1.2/src/macros/uvm_object_defines.svh"; continuing at "/package/eda/mg/questa10.6b/questasim/uvm-1.2/../verilog_src/uvm-1.2/src/uvm_macros.svh"(73)
      Open include file  "/package/eda/mg/questa10.6b/questasim/uvm-1.2/../verilog_src/uvm-1.2/src/macros/uvm_printer_defines.svh" from "/package/eda/mg/questa10.6b/questasim/uvm-1.2/../verilog_src/uvm-1.2/src/uvm_macros.svh"(74)
      Close include file "/package/eda/mg/questa10.6b/questasim/uvm-1.2/../verilog_src/uvm-1.2/src/macros/uvm_printer_defines.svh"; continuing at "/package/eda/mg/questa10.6b/questasim/uvm-1.2/../verilog_src/uvm-1.2/src/uvm_macros.svh"(74)
      Open include file  "/package/eda/mg/questa10.6b/questasim/uvm-1.2/../verilog_src/uvm-1.2/src/macros/uvm_tlm_defines.svh" from "/package/eda/mg/questa10.6b/questasim/uvm-1.2/../verilog_src/uvm-1.2/src/uvm_macros.svh"(75)
        Open include file  "/package/eda/mg/questa10.6b/questasim/uvm-1.2/../verilog_src/uvm-1.2/src/tlm1/uvm_tlm_imps.svh" from "/package/eda/mg/questa10.6b/questasim/uvm-1.2/../verilog_src/uvm-1.2/src/macros/uvm_tlm_defines.svh"(616)
        Close include file "/package/eda/mg/questa10.6b/questasim/uvm-1.2/../verilog_src/uvm-1.2/src/tlm1/uvm_tlm_imps.svh"; continuing at "/package/eda/mg/questa10.6b/questasim/uvm-1.2/../verilog_src/uvm-1.2/src/macros/uvm_tlm_defines.svh"(616)
      Close include file "/package/eda/mg/questa10.6b/questasim/uvm-1.2/../verilog_src/uvm-1.2/src/macros/uvm_tlm_defines.svh"; continuing at "/package/eda/mg/questa10.6b/questasim/uvm-1.2/../verilog_src/uvm-1.2/src/uvm_macros.svh"(75)
      Open include file  "/package/eda/mg/questa10.6b/questasim/uvm-1.2/../verilog_src/uvm-1.2/src/macros/uvm_sequence_defines.svh" from "/package/eda/mg/questa10.6b/questasim/uvm-1.2/../verilog_src/uvm-1.2/src/uvm_macros.svh"(76)
      Close include file "/package/eda/mg/questa10.6b/questasim/uvm-1.2/../verilog_src/uvm-1.2/src/macros/uvm_sequence_defines.svh"; continuing at "/package/eda/mg/questa10.6b/questasim/uvm-1.2/../verilog_src/uvm-1.2/src/uvm_macros.svh"(76)
      Open include file  "/package/eda/mg/questa10.6b/questasim/uvm-1.2/../verilog_src/uvm-1.2/src/macros/uvm_callback_defines.svh" from "/package/eda/mg/questa10.6b/questasim/uvm-1.2/../verilog_src/uvm-1.2/src/uvm_macros.svh"(77)
      Close include file "/package/eda/mg/questa10.6b/questasim/uvm-1.2/../verilog_src/uvm-1.2/src/macros/uvm_callback_defines.svh"; continuing at "/package/eda/mg/questa10.6b/questasim/uvm-1.2/../verilog_src/uvm-1.2/src/uvm_macros.svh"(77)
      Open include file  "/package/eda/mg/questa10.6b/questasim/uvm-1.2/../verilog_src/uvm-1.2/src/macros/uvm_reg_defines.svh" from "/package/eda/mg/questa10.6b/questasim/uvm-1.2/../verilog_src/uvm-1.2/src/uvm_macros.svh"(78)
      Close include file "/package/eda/mg/questa10.6b/questasim/uvm-1.2/../verilog_src/uvm-1.2/src/macros/uvm_reg_defines.svh"; continuing at "/package/eda/mg/questa10.6b/questasim/uvm-1.2/../verilog_src/uvm-1.2/src/uvm_macros.svh"(78)
      Open include file  "/package/eda/mg/questa10.6b/questasim/uvm-1.2/../verilog_src/uvm-1.2/src/macros/uvm_deprecated_defines.svh" from "/package/eda/mg/questa10.6b/questasim/uvm-1.2/../verilog_src/uvm-1.2/src/uvm_macros.svh"(79)
      Close include file "/package/eda/mg/questa10.6b/questasim/uvm-1.2/../verilog_src/uvm-1.2/src/macros/uvm_deprecated_defines.svh"; continuing at "/package/eda/mg/questa10.6b/questasim/uvm-1.2/../verilog_src/uvm-1.2/src/uvm_macros.svh"(79)
    Close include file "/package/eda/mg/questa10.6b/questasim/uvm-1.2/../verilog_src/uvm-1.2/src/uvm_macros.svh"; continuing at "ahb_manager_test.svh"(2)
    Open include file  "environment.svh" from "ahb_manager_test.svh"(3)
      Open include file  "/package/eda/mg/questa10.6b/questasim/uvm-1.2/../verilog_src/uvm-1.2/src/uvm_macros.svh" from "environment.svh"(5)
      Close include file "/package/eda/mg/questa10.6b/questasim/uvm-1.2/../verilog_src/uvm-1.2/src/uvm_macros.svh"; continuing at "environment.svh"(5)
      Open include file  "ahb_manager_agent.svh" from "environment.svh"(6)
        Open include file  "/package/eda/mg/questa10.6b/questasim/uvm-1.2/../verilog_src/uvm-1.2/src/uvm_macros.svh" from "ahb_manager_agent.svh"(5)
        Close include file "/package/eda/mg/questa10.6b/questasim/uvm-1.2/../verilog_src/uvm-1.2/src/uvm_macros.svh"; continuing at "ahb_manager_agent.svh"(5)
        Open include file  "ahb_if.svh" from "ahb_manager_agent.svh"(6)
          Open include file  "ahb_manager_if.sv" from "ahb_if.svh"(4)
          Close include file "ahb_manager_if.sv"; continuing at "ahb_if.svh"(4)
        Close include file "ahb_if.svh"; continuing at "ahb_manager_agent.svh"(6)
        Open include file  "ahb_manager_monitor.svh" from "ahb_manager_agent.svh"(7)
          Open include file  "/package/eda/mg/questa10.6b/questasim/uvm-1.2/../verilog_src/uvm-1.2/src/uvm_macros.svh" from "ahb_manager_monitor.svh"(5)
          Close include file "/package/eda/mg/questa10.6b/questasim/uvm-1.2/../verilog_src/uvm-1.2/src/uvm_macros.svh"; continuing at "ahb_manager_monitor.svh"(5)
          Open include file  "ahb_if.svh" from "ahb_manager_monitor.svh"(6)
            Open include file  "ahb_manager_if.sv" from "ahb_if.svh"(4)
            Close include file "ahb_manager_if.sv"; continuing at "ahb_if.svh"(4)
          Close include file "ahb_if.svh"; continuing at "ahb_manager_monitor.svh"(6)
          Open include file  "ahb_manager_transaction.svh" from "ahb_manager_monitor.svh"(7)
            Open include file  "/package/eda/mg/questa10.6b/questasim/uvm-1.2/../verilog_src/uvm-1.2/src/uvm_macros.svh" from "ahb_manager_transaction.svh"(5)
            Close include file "/package/eda/mg/questa10.6b/questasim/uvm-1.2/../verilog_src/uvm-1.2/src/uvm_macros.svh"; continuing at "ahb_manager_transaction.svh"(5)
            Open include file  "ahb_manager_if.sv" from "ahb_manager_transaction.svh"(6)
            Close include file "ahb_manager_if.sv"; continuing at "ahb_manager_transaction.svh"(6)
          Close include file "ahb_manager_transaction.svh"; continuing at "ahb_manager_monitor.svh"(7)
        Close include file "ahb_manager_monitor.svh"; continuing at "ahb_manager_agent.svh"(7)
      Close include file "ahb_manager_agent.svh"; continuing at "environment.svh"(6)
      Open include file  "ahb_if.svh" from "environment.svh"(7)
        Open include file  "ahb_manager_if.sv" from "ahb_if.svh"(4)
        Close include file "ahb_manager_if.sv"; continuing at "ahb_if.svh"(4)
      Close include file "ahb_if.svh"; continuing at "environment.svh"(7)
      Open include file  "ahb_manager_transaction.svh" from "environment.svh"(8)
      Close include file "ahb_manager_transaction.svh"; continuing at "environment.svh"(8)
      Open include file  "scoreboard.svh" from "environment.svh"(9)
        Open include file  "/package/eda/mg/questa10.6b/questasim/uvm-1.2/../verilog_src/uvm-1.2/src/uvm_macros.svh" from "scoreboard.svh"(5)
        Close include file "/package/eda/mg/questa10.6b/questasim/uvm-1.2/../verilog_src/uvm-1.2/src/uvm_macros.svh"; continuing at "scoreboard.svh"(5)
        Open include file  "ahb_manager_transaction.svh" from "scoreboard.svh"(6)
        Close include file "ahb_manager_transaction.svh"; continuing at "scoreboard.svh"(6)
        Open include file  "bus_transaction.svh" from "scoreboard.svh"(7)
          Open include file  "/package/eda/mg/questa10.6b/questasim/uvm-1.2/../verilog_src/uvm-1.2/src/uvm_macros.svh" from "bus_transaction.svh"(5)
          Close include file "/package/eda/mg/questa10.6b/questasim/uvm-1.2/../verilog_src/uvm-1.2/src/uvm_macros.svh"; continuing at "bus_transaction.svh"(5)
        Close include file "bus_transaction.svh"; continuing at "scoreboard.svh"(7)
      Close include file "scoreboard.svh"; continuing at "environment.svh"(9)
      Open include file  "bus_if.svh" from "environment.svh"(10)
      Close include file "bus_if.svh"; continuing at "environment.svh"(10)
      Open include file  "bus_agent.svh" from "environment.svh"(11)
        Open include file  "/package/eda/mg/questa10.6b/questasim/uvm-1.2/../verilog_src/uvm-1.2/src/uvm_macros.svh" from "bus_agent.svh"(2)
        Close include file "/package/eda/mg/questa10.6b/questasim/uvm-1.2/../verilog_src/uvm-1.2/src/uvm_macros.svh"; continuing at "bus_agent.svh"(2)
        Open include file  "bus_sequencer.svh" from "bus_agent.svh"(3)
          Open include file  "/package/eda/mg/questa10.6b/questasim/uvm-1.2/../verilog_src/uvm-1.2/src/uvm_macros.svh" from "bus_sequencer.svh"(2)
          Close include file "/package/eda/mg/questa10.6b/questasim/uvm-1.2/../verilog_src/uvm-1.2/src/uvm_macros.svh"; continuing at "bus_sequencer.svh"(2)
          Open include file  "bus_transaction.svh" from "bus_sequencer.svh"(3)
          Close include file "bus_transaction.svh"; continuing at "bus_sequencer.svh"(3)
        Close include file "bus_sequencer.svh"; continuing at "bus_agent.svh"(3)
        Open include file  "bus_driver.svh" from "bus_agent.svh"(4)
          Open include file  "/package/eda/mg/questa10.6b/questasim/uvm-1.2/../verilog_src/uvm-1.2/src/uvm_macros.svh" from "bus_driver.svh"(2)
          Close include file "/package/eda/mg/questa10.6b/questasim/uvm-1.2/../verilog_src/uvm-1.2/src/uvm_macros.svh"; continuing at "bus_driver.svh"(2)
          Open include file  "bus_if.svh" from "bus_driver.svh"(3)
          Close include file "bus_if.svh"; continuing at "bus_driver.svh"(3)
          Open include file  "bus_transaction.svh" from "bus_driver.svh"(4)
          Close include file "bus_transaction.svh"; continuing at "bus_driver.svh"(4)
        Close include file "bus_driver.svh"; continuing at "bus_agent.svh"(4)
        Open include file  "bus_monitor.svh" from "bus_agent.svh"(5)
          Open include file  "/package/eda/mg/questa10.6b/questasim/uvm-1.2/../verilog_src/uvm-1.2/src/uvm_macros.svh" from "bus_monitor.svh"(2)
          Close include file "/package/eda/mg/questa10.6b/questasim/uvm-1.2/../verilog_src/uvm-1.2/src/uvm_macros.svh"; continuing at "bus_monitor.svh"(2)
          Open include file  "bus_if.svh" from "bus_monitor.svh"(3)
          Close include file "bus_if.svh"; continuing at "bus_monitor.svh"(3)
          Open include file  "bus_transaction.svh" from "bus_monitor.svh"(4)
          Close include file "bus_transaction.svh"; continuing at "bus_monitor.svh"(4)
        Close include file "bus_monitor.svh"; continuing at "bus_agent.svh"(5)
      Close include file "bus_agent.svh"; continuing at "environment.svh"(11)
      Open include file  "bus_transaction.svh" from "environment.svh"(12)
      Close include file "bus_transaction.svh"; continuing at "environment.svh"(12)
    Close include file "environment.svh"; continuing at "ahb_manager_test.svh"(3)
    Open include file  "bus_sequences.svh" from "ahb_manager_test.svh"(4)
      Open include file  "/package/eda/mg/questa10.6b/questasim/uvm-1.2/../verilog_src/uvm-1.2/src/uvm_macros.svh" from "bus_sequences.svh"(2)
      Close include file "/package/eda/mg/questa10.6b/questasim/uvm-1.2/../verilog_src/uvm-1.2/src/uvm_macros.svh"; continuing at "bus_sequences.svh"(2)
      Open include file  "bus_transaction.svh" from "bus_sequences.svh"(3)
      Close include file "bus_transaction.svh"; continuing at "bus_sequences.svh"(3)
    Close include file "bus_sequences.svh"; continuing at "ahb_manager_test.svh"(4)
  Close include file "ahb_manager_test.svh"; continuing at "tb_ahb_manager.sv"(5)
  Open include file  "ahb_manager.sv" from "tb_ahb_manager.sv"(6)
    Open include file  "ahb_pkg.sv" from "ahb_manager.sv"(26)
    Close include file "ahb_pkg.sv"; continuing at "ahb_manager.sv"(26)
  Close include file "ahb_manager.sv"; continuing at "tb_ahb_manager.sv"(6)
Close file "tb_ahb_manager.sv"
